# JRE version: 7.0_11-b21
# Java VM: Java HotSpot(TM) 64-Bit Server VM (23.6-b04 mixed mode windows-amd64 compressed oops)
Heap
 PSYoungGen      total 38208K, used 14577K [0x00000000fa000000, 0x00000000fcb20000, 0x0000000100000000)
  eden space 36224K, 34% used [0x00000000fa000000,0x00000000fac4d810,0x00000000fc360000)
  from space 1984K, 99% used [0x00000000fc470000,0x00000000fc65ec30,0x00000000fc660000)
  to   space 3968K, 0% used [0x00000000fc740000,0x00000000fc740000,0x00000000fcb20000)
 ParOldGen       total 73152K, used 65585K [0x00000000e8000000, 0x00000000ec770000, 0x00000000fa000000)
  object space 73152K, 89% used [0x00000000e8000000,0x00000000ec00c6f8,0x00000000ec770000)
 PSPermGen       total 120704K, used 69362K [0x00000000e0000000, 0x00000000e75e0000, 0x00000000e8000000)
  object space 120704K, 57% used [0x00000000e0000000,0x00000000e43bc998,0x00000000e75e0000)
GC Heap History (10 events):
Event: 22085.018 GC heap before
{Heap before GC invocations=231 (full 2):
 PSYoungGen      total 45376K, used 45360K [0x00000000fa000000, 0x00000000fd0e0000, 0x0000000100000000)
  eden space 42304K, 100% used [0x00000000fa000000,0x00000000fc950000,0x00000000fc950000)
  from space 3072K, 99% used [0x00000000fcde0000,0x00000000fd0dc1f0,0x00000000fd0e0000)
  to   space 3840K, 0% used [0x00000000fc960000,0x00000000fc960000,0x00000000fcd20000)
 ParOldGen       total 73152K, used 65585K [0x00000000e8000000, 0x00000000ec770000, 0x00000000fa000000)
  object space 73152K, 89% used [0x00000000e8000000,0x00000000ec00c6f8,0x00000000ec770000)
 PSPermGen       total 120704K, used 68969K [0x00000000e0000000, 0x00000000e75e0000, 0x00000000e8000000)
  object space 120704K, 57% used [0x00000000e0000000,0x00000000e435a7b0,0x00000000e75e0000)
Event: 22085.025 GC heap after
Heap after GC invocations=231 (full 2):
 PSYoungGen      total 43392K, used 2368K [0x00000000fa000000, 0x00000000fcfe0000, 0x0000000100000000)
  eden space 40960K, 0% used [0x00000000fa000000,0x00000000fa000000,0x00000000fc800000)
  from space 2432K, 97% used [0x00000000fc960000,0x00000000fcbb0010,0x00000000fcbc0000)
  to   space 4032K, 0% used [0x00000000fcbf0000,0x00000000fcbf0000,0x00000000fcfe0000)
 ParOldGen       total 73152K, used 65585K [0x00000000e8000000, 0x00000000ec770000, 0x00000000fa000000)
  object space 73152K, 89% used [0x00000000e8000000,0x00000000ec00c6f8,0x00000000ec770000)
 PSPermGen       total 120704K, used 68969K [0x00000000e0000000, 0x00000000e75e0000, 0x00000000e8000000)
  object space 120704K, 57% used [0x00000000e0000000,0x00000000e435a7b0,0x00000000e75e0000)
}
Event: 22106.567 GC heap before
{Heap before GC invocations=232 (full 2):
 PSYoungGen      total 43392K, used 43328K [0x00000000fa000000, 0x00000000fcfe0000, 0x0000000100000000)
  eden space 40960K, 100% used [0x00000000fa000000,0x00000000fc800000,0x00000000fc800000)
  from space 2432K, 97% used [0x00000000fc960000,0x00000000fcbb0010,0x00000000fcbc0000)
  to   space 4032K, 0% used [0x00000000fcbf0000,0x00000000fcbf0000,0x00000000fcfe0000)
 ParOldGen       total 73152K, used 65585K [0x00000000e8000000, 0x00000000ec770000, 0x00000000fa000000)
  object space 73152K, 89% used [0x00000000e8000000,0x00000000ec00c6f8,0x00000000ec770000)
 PSPermGen       total 120704K, used 69004K [0x00000000e0000000, 0x00000000e75e0000, 0x00000000e8000000)
  object space 120704K, 57% used [0x00000000e0000000,0x00000000e4363390,0x00000000e75e0000)
Event: 22106.584 GC heap after
Heap after GC invocations=232 (full 2):
 PSYoungGen      total 43328K, used 3376K [0x00000000fa000000, 0x00000000fcf80000, 0x0000000100000000)
  eden space 39680K, 0% used [0x00000000fa000000,0x00000000fa000000,0x00000000fc6c0000)
  from space 3648K, 92% used [0x00000000fcbf0000,0x00000000fcf3c200,0x00000000fcf80000)
  to   space 4480K, 0% used [0x00000000fc6c0000,0x00000000fc6c0000,0x00000000fcb20000)
 ParOldGen       total 73152K, used 65585K [0x00000000e8000000, 0x00000000ec770000, 0x00000000fa000000)
  object space 73152K, 89% used [0x00000000e8000000,0x00000000ec00c6f8,0x00000000ec770000)
 PSPermGen       total 120704K, used 69004K [0x00000000e0000000, 0x00000000e75e0000, 0x00000000e8000000)
  object space 120704K, 57% used [0x00000000e0000000,0x00000000e4363390,0x00000000e75e0000)
}
Event: 22159.566 GC heap before
{Heap before GC invocations=233 (full 2):
 PSYoungGen      total 43328K, used 43056K [0x00000000fa000000, 0x00000000fcf80000, 0x0000000100000000)
  eden space 39680K, 100% used [0x00000000fa000000,0x00000000fc6c0000,0x00000000fc6c0000)
  from space 3648K, 92% used [0x00000000fcbf0000,0x00000000fcf3c200,0x00000000fcf80000)
  to   space 4480K, 0% used [0x00000000fc6c0000,0x00000000fc6c0000,0x00000000fcb20000)
 ParOldGen       total 73152K, used 65585K [0x00000000e8000000, 0x00000000ec770000, 0x00000000fa000000)
  object space 73152K, 89% used [0x00000000e8000000,0x00000000ec00c6f8,0x00000000ec770000)
 PSPermGen       total 120704K, used 69007K [0x00000000e0000000, 0x00000000e75e0000, 0x00000000e8000000)
  object space 120704K, 57% used [0x00000000e0000000,0x00000000e4363c78,0x00000000e75e0000)
Event: 22159.576 GC heap after
Heap after GC invocations=233 (full 2):
 PSYoungGen      total 39936K, used 1435K [0x00000000fa000000, 0x00000000fcdd0000, 0x0000000100000000)
  eden space 38464K, 0% used [0x00000000fa000000,0x00000000fa000000,0x00000000fc590000)
  from space 1472K, 97% used [0x00000000fc6c0000,0x00000000fc826c60,0x00000000fc830000)
  to   space 4224K, 0% used [0x00000000fc9b0000,0x00000000fc9b0000,0x00000000fcdd0000)
 ParOldGen       total 73152K, used 65585K [0x00000000e8000000, 0x00000000ec770000, 0x00000000fa000000)
  object space 73152K, 89% used [0x00000000e8000000,0x00000000ec00c6f8,0x00000000ec770000)
 PSPermGen       total 120704K, used 69007K [0x00000000e0000000, 0x00000000e75e0000, 0x00000000e8000000)
  object space 120704K, 57% used [0x00000000e0000000,0x00000000e4363c78,0x00000000e75e0000)
}
Event: 22166.828 GC heap before
{Heap before GC invocations=234 (full 2):
 PSYoungGen      total 39936K, used 39899K [0x00000000fa000000, 0x00000000fcdd0000, 0x0000000100000000)
  eden space 38464K, 100% used [0x00000000fa000000,0x00000000fc590000,0x00000000fc590000)
  from space 1472K, 97% used [0x00000000fc6c0000,0x00000000fc826c60,0x00000000fc830000)
  to   space 4224K, 0% used [0x00000000fc9b0000,0x00000000fc9b0000,0x00000000fcdd0000)
 ParOldGen       total 73152K, used 65585K [0x00000000e8000000, 0x00000000ec770000, 0x00000000fa000000)
  object space 73152K, 89% used [0x00000000e8000000,0x00000000ec00c6f8,0x00000000ec770000)
 PSPermGen       total 120704K, used 69059K [0x00000000e0000000, 0x00000000e75e0000, 0x00000000e8000000)
  object space 120704K, 57% used [0x00000000e0000000,0x00000000e4370d58,0x00000000e75e0000)
Event: 22166.837 GC heap after
Heap after GC invocations=234 (full 2):
 PSYoungGen      total 40128K, used 1901K [0x00000000fa000000, 0x00000000fcc70000, 0x0000000100000000)
  eden space 37312K, 0% used [0x00000000fa000000,0x00000000fa000000,0x00000000fc470000)
  from space 2816K, 67% used [0x00000000fc9b0000,0x00000000fcb8b4c0,0x00000000fcc70000)
  to   space 4096K, 0% used [0x00000000fc470000,0x00000000fc470000,0x00000000fc870000)
 ParOldGen       total 73152K, used 65585K [0x00000000e8000000, 0x00000000ec770000, 0x00000000fa000000)
  object space 73152K, 89% used [0x00000000e8000000,0x00000000ec00c6f8,0x00000000ec770000)
 PSPermGen       total 120704K, used 69059K [0x00000000e0000000, 0x00000000e75e0000, 0x00000000e8000000)
  object space 120704K, 57% used [0x00000000e0000000,0x00000000e4370d58,0x00000000e75e0000)
}
Event: 22221.536 GC heap before
{Heap before GC invocations=235 (full 2):
 PSYoungGen      total 40128K, used 39213K [0x00000000fa000000, 0x00000000fcc70000, 0x0000000100000000)
  eden space 37312K, 100% used [0x00000000fa000000,0x00000000fc470000,0x00000000fc470000)
  from space 2816K, 67% used [0x00000000fc9b0000,0x00000000fcb8b4c0,0x00000000fcc70000)
  to   space 4096K, 0% used [0x00000000fc470000,0x00000000fc470000,0x00000000fc870000)
 ParOldGen       total 73152K, used 65585K [0x00000000e8000000, 0x00000000ec770000, 0x00000000fa000000)
  object space 73152K, 89% used [0x00000000e8000000,0x00000000ec00c6f8,0x00000000ec770000)
 PSPermGen       total 120704K, used 69224K [0x00000000e0000000, 0x00000000e75e0000, 0x00000000e8000000)
  object space 120704K, 57% used [0x00000000e0000000,0x00000000e439a298,0x00000000e75e0000)
Event: 22221.546 GC heap after
Heap after GC invocations=235 (full 2):
 PSYoungGen      total 38208K, used 1979K [0x00000000fa000000, 0x00000000fcb20000, 0x0000000100000000)
  eden space 36224K, 0% used [0x00000000fa000000,0x00000000fa000000,0x00000000fc360000)
  from space 1984K, 99% used [0x00000000fc470000,0x00000000fc65ec30,0x00000000fc660000)
  to   space 3968K, 0% used [0x00000000fc740000,0x00000000fc740000,0x00000000fcb20000)
 ParOldGen       total 73152K, used 65585K [0x00000000e8000000, 0x00000000ec770000, 0x00000000fa000000)
  object space 73152K, 89% used [0x00000000e8000000,0x00000000ec00c6f8,0x00000000ec770000)
 PSPermGen       total 120704K, used 69224K [0x00000000e0000000, 0x00000000e75e0000, 0x00000000e8000000)
  object space 120704K, 57% used [0x00000000e0000000,0x00000000e439a298,0x00000000e75e0000)
}

